<?xml version="1.0" encoding="UTF-8"?>
<!-- Generated by org.testng.reporters.JUnitReportReporter -->
<testsuite hostname="Rohit" failures="0" tests="1" name="Testcases.Login" time="25.714" errors="0" timestamp="2024-10-24T13:25:12 IST" skipped="0">
  <testcase classname="Testcases.Login" name="LoginData" time="25.714"/>
  <system-out/>
</testsuite> <!-- Testcases.Login -->
